  [1m[35m (4.8ms)[0m  [1m[34mSELECT sqlite_version(*)[0m
  [1m[35m (4.0ms)[0m  [1m[35mCREATE TABLE "schema_migrations" ("version" varchar NOT NULL PRIMARY KEY)[0m
  [1m[35m (1.6ms)[0m  [1m[35mCREATE TABLE "ar_internal_metadata" ("key" varchar NOT NULL PRIMARY KEY, "value" varchar, "created_at" datetime(6) NOT NULL, "updated_at" datetime(6) NOT NULL)[0m
  [1m[35m (0.3ms)[0m  [1m[34mSELECT "schema_migrations"."version" FROM "schema_migrations" ORDER BY "schema_migrations"."version" ASC[0m
Migrating to CreateQuotes (20200116200146)
  [1m[35m (0.1ms)[0m  [1m[36mbegin transaction[0m
  [1m[35m (0.7ms)[0m  [1m[35mCREATE TABLE "quotes" ("id" integer PRIMARY KEY AUTOINCREMENT NOT NULL, "book_id" integer, "quote_text" varchar, "created_at" datetime(6) NOT NULL, "updated_at" datetime(6) NOT NULL)[0m
  [1m[36mprimary::SchemaMigration Create (0.5ms)[0m  [1m[32mINSERT INTO "schema_migrations" ("version") VALUES (?)[0m  [["version", "20200116200146"]]
  [1m[35m (8.3ms)[0m  [1m[36mcommit transaction[0m
Migrating to CreateBooks (20200116200159)
  [1m[35m (0.1ms)[0m  [1m[36mbegin transaction[0m
  [1m[35m (0.7ms)[0m  [1m[35mCREATE TABLE "books" ("id" integer PRIMARY KEY AUTOINCREMENT NOT NULL, "title" varchar, "author" varchar, "created_at" datetime(6) NOT NULL, "updated_at" datetime(6) NOT NULL)[0m
  [1m[36mprimary::SchemaMigration Create (0.2ms)[0m  [1m[32mINSERT INTO "schema_migrations" ("version") VALUES (?)[0m  [["version", "20200116200159"]]
  [1m[35m (2.0ms)[0m  [1m[36mcommit transaction[0m
  [1m[36mActiveRecord::InternalMetadata Load (0.3ms)[0m  [1m[34mSELECT "ar_internal_metadata".* FROM "ar_internal_metadata" WHERE "ar_internal_metadata"."key" = ? LIMIT ?[0m  [["key", "environment"], ["LIMIT", 1]]
  [1m[35m (0.1ms)[0m  [1m[36mbegin transaction[0m
  [1m[36mActiveRecord::InternalMetadata Create (0.6ms)[0m  [1m[32mINSERT INTO "ar_internal_metadata" ("key", "value", "created_at", "updated_at") VALUES (?, ?, ?, ?)[0m  [["key", "environment"], ["value", "development"], ["created_at", "2020-01-16 20:02:15.708406"], ["updated_at", "2020-01-16 20:02:15.708406"]]
  [1m[35m (1.7ms)[0m  [1m[36mcommit transaction[0m
  [1m[35m (0.1ms)[0m  [1m[34mSELECT sqlite_version(*)[0m
  [1m[35m (0.1ms)[0m  [1m[34mSELECT "schema_migrations"."version" FROM "schema_migrations" ORDER BY "schema_migrations"."version" ASC[0m
Started GET "/" for ::1 at 2020-01-16 17:20:46 -0500
  [1m[35m (3.2ms)[0m  [1m[34mSELECT sqlite_version(*)[0m
  [1m[35m (1.6ms)[0m  [1m[34mSELECT "schema_migrations"."version" FROM "schema_migrations" ORDER BY "schema_migrations"."version" ASC[0m
Processing by Rails::WelcomeController#index as HTML
  Rendering /Users/blake/.rvm/gems/ruby-2.6.1/gems/railties-6.0.2.1/lib/rails/templates/rails/welcome/index.html.erb
  Rendered /Users/blake/.rvm/gems/ruby-2.6.1/gems/railties-6.0.2.1/lib/rails/templates/rails/welcome/index.html.erb (Duration: 20.5ms | Allocations: 481)
Completed 200 OK in 71ms (Views: 39.3ms | ActiveRecord: 0.0ms | Allocations: 2641)


Started GET "/favicon.ico" for ::1 at 2020-01-16 17:20:46 -0500
  
ActionController::RoutingError (No route matches [GET] "/favicon.ico"):
  
actionpack (6.0.2.1) lib/action_dispatch/middleware/debug_exceptions.rb:36:in `call'
actionpack (6.0.2.1) lib/action_dispatch/middleware/show_exceptions.rb:33:in `call'
railties (6.0.2.1) lib/rails/rack/logger.rb:38:in `call_app'
railties (6.0.2.1) lib/rails/rack/logger.rb:26:in `block in call'
activesupport (6.0.2.1) lib/active_support/tagged_logging.rb:80:in `block in tagged'
activesupport (6.0.2.1) lib/active_support/tagged_logging.rb:28:in `tagged'
activesupport (6.0.2.1) lib/active_support/tagged_logging.rb:80:in `tagged'
railties (6.0.2.1) lib/rails/rack/logger.rb:26:in `call'
actionpack (6.0.2.1) lib/action_dispatch/middleware/remote_ip.rb:81:in `call'
actionpack (6.0.2.1) lib/action_dispatch/middleware/request_id.rb:27:in `call'
rack (2.1.1) lib/rack/runtime.rb:24:in `call'
activesupport (6.0.2.1) lib/active_support/cache/strategy/local_cache_middleware.rb:29:in `call'
actionpack (6.0.2.1) lib/action_dispatch/middleware/executor.rb:14:in `call'
actionpack (6.0.2.1) lib/action_dispatch/middleware/static.rb:126:in `call'
rack (2.1.1) lib/rack/sendfile.rb:113:in `call'
actionpack (6.0.2.1) lib/action_dispatch/middleware/host_authorization.rb:83:in `call'
rack-cors (1.0.5) lib/rack/cors.rb:98:in `call'
railties (6.0.2.1) lib/rails/engine.rb:526:in `call'
puma (4.3.1) lib/puma/configuration.rb:228:in `call'
puma (4.3.1) lib/puma/server.rb:681:in `handle_request'
puma (4.3.1) lib/puma/server.rb:472:in `process_client'
puma (4.3.1) lib/puma/server.rb:328:in `block in run'
puma (4.3.1) lib/puma/thread_pool.rb:134:in `block in spawn_thread'
Started GET "/api/v1/books" for ::1 at 2020-01-16 17:21:07 -0500
Processing by Api::V1::BooksController#index as HTML
  [1m[36mBook Load (1.8ms)[0m  [1m[34mSELECT "books".* FROM "books"[0m
  ↳ app/controllers/api/v1/books_controller.rb:4:in `index'
Completed 200 OK in 23ms (Views: 10.0ms | ActiveRecord: 2.5ms | Allocations: 1699)


  [1m[35m (3.7ms)[0m  [1m[34mSELECT sqlite_version(*)[0m
  [1m[35m (1.7ms)[0m  [1m[34mSELECT "schema_migrations"."version" FROM "schema_migrations" ORDER BY "schema_migrations"."version" ASC[0m
  [1m[35m (6.6ms)[0m  [1m[34mSELECT sqlite_version(*)[0m
  [1m[35m (1.4ms)[0m  [1m[34mSELECT "schema_migrations"."version" FROM "schema_migrations" ORDER BY "schema_migrations"."version" ASC[0m
  [1m[35m (2.1ms)[0m  [1m[34mSELECT sqlite_version(*)[0m
  [1m[35m (1.5ms)[0m  [1m[34mSELECT "schema_migrations"."version" FROM "schema_migrations" ORDER BY "schema_migrations"."version" ASC[0m
  [1m[35m (3.1ms)[0m  [1m[34mSELECT sqlite_version(*)[0m
  [1m[35m (1.4ms)[0m  [1m[34mSELECT "schema_migrations"."version" FROM "schema_migrations" ORDER BY "schema_migrations"."version" ASC[0m
  [1m[35m (3.8ms)[0m  [1m[34mSELECT sqlite_version(*)[0m
  [1m[35m (1.4ms)[0m  [1m[34mSELECT "schema_migrations"."version" FROM "schema_migrations" ORDER BY "schema_migrations"."version" ASC[0m
  [1m[35m (1.6ms)[0m  [1m[34mSELECT sqlite_version(*)[0m
  [1m[35m (0.2ms)[0m  [1m[34mSELECT "schema_migrations"."version" FROM "schema_migrations" ORDER BY "schema_migrations"."version" ASC[0m
  [1m[35m (2.8ms)[0m  [1m[34mSELECT sqlite_version(*)[0m
  [1m[35m (0.4ms)[0m  [1m[34mSELECT "schema_migrations"."version" FROM "schema_migrations" ORDER BY "schema_migrations"."version" ASC[0m
  [1m[35m (0.1ms)[0m  [1m[34mSELECT sqlite_version(*)[0m
  [1m[36mBook Load (2.1ms)[0m  [1m[34mSELECT "books".* FROM "books"[0m
  [1m[36mQuote Load (0.4ms)[0m  [1m[34mSELECT "quotes".* FROM "quotes"[0m
  [1m[35m (0.1ms)[0m  [1m[36mbegin transaction[0m
  [1m[36mBook Create (4.7ms)[0m  [1m[32mINSERT INTO "books" ("title", "author", "created_at", "updated_at") VALUES (?, ?, ?, ?)[0m  [["title", "Until We Reckon"], ["author", "Danielle Sered"], ["created_at", "2020-01-17 18:25:04.699760"], ["updated_at", "2020-01-17 18:25:04.699760"]]
  [1m[35m (5.0ms)[0m  [1m[36mcommit transaction[0m
  [1m[35m (0.2ms)[0m  [1m[36mbegin transaction[0m
  [1m[36mBook Create (0.5ms)[0m  [1m[32mINSERT INTO "books" ("title", "author", "created_at", "updated_at") VALUES (?, ?, ?, ?)[0m  [["title", "Sister Outsider—Essays and Speeches"], ["author", "Audre Lorde"], ["created_at", "2020-01-17 18:25:04.723563"], ["updated_at", "2020-01-17 18:25:04.723563"]]
  [1m[35m (1.9ms)[0m  [1m[36mcommit transaction[0m
  [1m[35m (0.1ms)[0m  [1m[36mbegin transaction[0m
  [1m[36mBook Create (0.8ms)[0m  [1m[32mINSERT INTO "books" ("title", "author", "created_at", "updated_at") VALUES (?, ?, ?, ?)[0m  [["title", "The Paying Guests"], ["author", "Sarah Waters"], ["created_at", "2020-01-17 18:25:04.741078"], ["updated_at", "2020-01-17 18:25:04.741078"]]
  [1m[35m (1.9ms)[0m  [1m[36mcommit transaction[0m
  [1m[35m (0.6ms)[0m  [1m[34mSELECT sqlite_version(*)[0m
  [1m[35m (0.2ms)[0m  [1m[34mSELECT "schema_migrations"."version" FROM "schema_migrations" ORDER BY "schema_migrations"."version" ASC[0m
  [1m[35m (0.1ms)[0m  [1m[34mSELECT sqlite_version(*)[0m
  [1m[36mBook Load (0.1ms)[0m  [1m[34mSELECT "books".* FROM "books"[0m
  [1m[35m (0.1ms)[0m  [1m[36mbegin transaction[0m
  [1m[36mBook Destroy (0.4ms)[0m  [1m[31mDELETE FROM "books" WHERE "books"."id" = ?[0m  [["id", 1]]
  [1m[35m (1.6ms)[0m  [1m[36mcommit transaction[0m
  [1m[35m (0.1ms)[0m  [1m[36mbegin transaction[0m
  [1m[36mBook Destroy (0.3ms)[0m  [1m[31mDELETE FROM "books" WHERE "books"."id" = ?[0m  [["id", 2]]
  [1m[35m (1.7ms)[0m  [1m[36mcommit transaction[0m
  [1m[35m (0.1ms)[0m  [1m[36mbegin transaction[0m
  [1m[36mBook Destroy (0.3ms)[0m  [1m[31mDELETE FROM "books" WHERE "books"."id" = ?[0m  [["id", 3]]
  [1m[35m (2.0ms)[0m  [1m[36mcommit transaction[0m
  [1m[36mQuote Load (0.2ms)[0m  [1m[34mSELECT "quotes".* FROM "quotes"[0m
  [1m[35m (0.0ms)[0m  [1m[36mbegin transaction[0m
  [1m[36mBook Create (0.4ms)[0m  [1m[32mINSERT INTO "books" ("title", "author", "created_at", "updated_at") VALUES (?, ?, ?, ?)[0m  [["title", "Until We Reckon"], ["author", "Danielle Sered"], ["created_at", "2020-01-17 18:26:22.510087"], ["updated_at", "2020-01-17 18:26:22.510087"]]
  [1m[35m (1.4ms)[0m  [1m[36mcommit transaction[0m
  [1m[35m (0.1ms)[0m  [1m[36mbegin transaction[0m
  [1m[36mBook Create (0.3ms)[0m  [1m[32mINSERT INTO "books" ("title", "author", "created_at", "updated_at") VALUES (?, ?, ?, ?)[0m  [["title", "Sister Outsider—Essays and Speeches"], ["author", "Audre Lorde"], ["created_at", "2020-01-17 18:26:22.516111"], ["updated_at", "2020-01-17 18:26:22.516111"]]
  [1m[35m (1.8ms)[0m  [1m[36mcommit transaction[0m
  [1m[35m (0.1ms)[0m  [1m[36mbegin transaction[0m
  [1m[36mBook Create (0.4ms)[0m  [1m[32mINSERT INTO "books" ("title", "author", "created_at", "updated_at") VALUES (?, ?, ?, ?)[0m  [["title", "The Paying Guests"], ["author", "Sarah Waters"], ["created_at", "2020-01-17 18:26:22.522378"], ["updated_at", "2020-01-17 18:26:22.522378"]]
  [1m[35m (2.0ms)[0m  [1m[36mcommit transaction[0m
  [1m[35m (0.1ms)[0m  [1m[36mbegin transaction[0m
  [1m[36mQuote Create (0.6ms)[0m  [1m[32mINSERT INTO "quotes" ("book_id", "quote_text", "created_at", "updated_at") VALUES (?, ?, ?, ?)[0m  [["book_id", 4], ["quote_text", "This emphasis on repair reflects restorative justice’s primary concern with harm rather than with broken rules. "], ["created_at", "2020-01-17 18:26:22.605947"], ["updated_at", "2020-01-17 18:26:22.605947"]]
  [1m[35m (1.8ms)[0m  [1m[36mcommit transaction[0m
  [1m[35m (0.1ms)[0m  [1m[36mbegin transaction[0m
  [1m[36mQuote Create (0.6ms)[0m  [1m[32mINSERT INTO "quotes" ("book_id", "quote_text", "created_at", "updated_at") VALUES (?, ?, ?, ?)[0m  [["book_id", 5], ["quote_text", "...all too often, guilt is just another name for impotence, for defensiveness destructive of communication; it becomes a device to protect ignorance and the continuation of things the way they are, the ultimate protection for changelessness."], ["created_at", "2020-01-17 18:26:22.616366"], ["updated_at", "2020-01-17 18:26:22.616366"]]
  [1m[35m (1.7ms)[0m  [1m[36mcommit transaction[0m
  [1m[35m (0.1ms)[0m  [1m[36mbegin transaction[0m
  [1m[36mQuote Create (0.5ms)[0m  [1m[32mINSERT INTO "quotes" ("book_id", "quote_text", "created_at", "updated_at") VALUES (?, ?, ?, ?)[0m  [["book_id", 6], ["quote_text", "It was like the white of an egg growing pearly in hot water, a milk sauce thickening in the pan. It was as subtle yet as tangible as that."], ["created_at", "2020-01-17 18:26:22.625249"], ["updated_at", "2020-01-17 18:26:22.625249"]]
  [1m[35m (1.5ms)[0m  [1m[36mcommit transaction[0m
  [1m[35m (0.6ms)[0m  [1m[34mSELECT sqlite_version(*)[0m
  [1m[36mBook Load (0.2ms)[0m  [1m[34mSELECT "books".* FROM "books" LIMIT ?[0m  [["LIMIT", 11]]
  [1m[36mBook Load (0.4ms)[0m  [1m[34mSELECT "books".* FROM "books" LIMIT ?[0m  [["LIMIT", 11]]
  [1m[36mBook Load (0.4ms)[0m  [1m[34mSELECT "books".* FROM "books" ORDER BY "books"."id" ASC LIMIT ?[0m  [["LIMIT", 1]]
  [1m[36mQuote Load (0.3ms)[0m  [1m[34mSELECT "quotes".* FROM "quotes" WHERE "quotes"."book_id" = ? LIMIT ?[0m  [["book_id", 4], ["LIMIT", 11]]
  [1m[36mBook Load (0.4ms)[0m  [1m[34mSELECT "books".* FROM "books" ORDER BY "books"."id" ASC LIMIT ? OFFSET ?[0m  [["LIMIT", 1], ["OFFSET", 1]]
  [1m[36mQuote Load (0.2ms)[0m  [1m[34mSELECT "quotes".* FROM "quotes" WHERE "quotes"."book_id" = ? LIMIT ?[0m  [["book_id", 5], ["LIMIT", 11]]
  [1m[36mBook Load (0.2ms)[0m  [1m[34mSELECT "books".* FROM "books" ORDER BY "books"."id" ASC LIMIT ? OFFSET ?[0m  [["LIMIT", 1], ["OFFSET", 2]]
  [1m[36mQuote Load (0.2ms)[0m  [1m[34mSELECT "quotes".* FROM "quotes" WHERE "quotes"."book_id" = ? LIMIT ?[0m  [["book_id", 6], ["LIMIT", 11]]
  [1m[36mQuote Load (0.4ms)[0m  [1m[34mSELECT "quotes".* FROM "quotes" LIMIT ?[0m  [["LIMIT", 11]]
